Determining if the pthread_create exist failed with the following output:
Change Dir: /home/ubuntu/fydp/build/CMakeFiles/CMakeTmp

Run Build Command:"/usr/bin/make" "cmTC_e5c43/fast"
/usr/bin/make -f CMakeFiles/cmTC_e5c43.dir/build.make CMakeFiles/cmTC_e5c43.dir/build
make[1]: Entering directory '/home/ubuntu/fydp/build/CMakeFiles/CMakeTmp'
Building C object CMakeFiles/cmTC_e5c43.dir/CheckSymbolExists.c.o
/usr/bin/cc    -fPIC    -o CMakeFiles/cmTC_e5c43.dir/CheckSymbolExists.c.o   -c /home/ubuntu/fydp/build/CMakeFiles/CMakeTmp/CheckSymbolExists.c
Linking C executable cmTC_e5c43
/usr/bin/cmake -E cmake_link_script CMakeFiles/cmTC_e5c43.dir/link.txt --verbose=1
/usr/bin/cc  -fPIC     CMakeFiles/cmTC_e5c43.dir/CheckSymbolExists.c.o  -o cmTC_e5c43 -rdynamic 
CMakeFiles/cmTC_e5c43.dir/CheckSymbolExists.c.o: In function `main':
CheckSymbolExists.c:(.text+0x14): undefined reference to `pthread_create'
CheckSymbolExists.c:(.text+0x18): undefined reference to `pthread_create'
collect2: error: ld returned 1 exit status
CMakeFiles/cmTC_e5c43.dir/build.make:97: recipe for target 'cmTC_e5c43' failed
make[1]: *** [cmTC_e5c43] Error 1
make[1]: Leaving directory '/home/ubuntu/fydp/build/CMakeFiles/CMakeTmp'
Makefile:126: recipe for target 'cmTC_e5c43/fast' failed
make: *** [cmTC_e5c43/fast] Error 2

File /home/ubuntu/fydp/build/CMakeFiles/CMakeTmp/CheckSymbolExists.c:
/* */
#include <pthread.h>

int main(int argc, char** argv)
{
  (void)argv;
#ifndef pthread_create
  return ((int*)(&pthread_create))[argc];
#else
  (void)argc;
  return 0;
#endif
}

Determining if the function pthread_create exists in the pthreads failed with the following output:
Change Dir: /home/ubuntu/fydp/build/CMakeFiles/CMakeTmp

Run Build Command:"/usr/bin/make" "cmTC_3706d/fast"
/usr/bin/make -f CMakeFiles/cmTC_3706d.dir/build.make CMakeFiles/cmTC_3706d.dir/build
make[1]: Entering directory '/home/ubuntu/fydp/build/CMakeFiles/CMakeTmp'
Building C object CMakeFiles/cmTC_3706d.dir/CheckFunctionExists.c.o
/usr/bin/cc    -fPIC -DCHECK_FUNCTION_EXISTS=pthread_create   -o CMakeFiles/cmTC_3706d.dir/CheckFunctionExists.c.o   -c /usr/share/cmake-3.5/Modules/CheckFunctionExists.c
Linking C executable cmTC_3706d
/usr/bin/cmake -E cmake_link_script CMakeFiles/cmTC_3706d.dir/link.txt --verbose=1
/usr/bin/cc  -fPIC -DCHECK_FUNCTION_EXISTS=pthread_create    CMakeFiles/cmTC_3706d.dir/CheckFunctionExists.c.o  -o cmTC_3706d -rdynamic -lpthreads 
/usr/bin/ld: cannot find -lpthreads
collect2: error: ld returned 1 exit status
CMakeFiles/cmTC_3706d.dir/build.make:97: recipe for target 'cmTC_3706d' failed
make[1]: *** [cmTC_3706d] Error 1
make[1]: Leaving directory '/home/ubuntu/fydp/build/CMakeFiles/CMakeTmp'
Makefile:126: recipe for target 'cmTC_3706d/fast' failed
make: *** [cmTC_3706d/fast] Error 2


